09/18/2017 03:01:09 am - 09/18/2017 11:50:20 am - 09/18/2017 11:50:25 am - 09/18/2017 11:56:07 am - 09/18/2017 11:56:07 am - 09/18/2017 12:13:01 pm - 09/18/2017 12:15:48 pm - 09/18/2017 12:15:49 pm - 09/18/2017 12:16:03 pm - 109/18/2017 12:16:33 pm - 109/18/2017 12:25:37 pm - 12017-09-18 12:29:39 pm - 12017-09-18 12:30:00 - 12017-09-18 12:30:21 - 12017-09-18 12:31:00 pm - 12017-09-18 12:32:58 pm - 12017-09-18 12:35:27 pm - 12017-09-18 12:35:27 pm - 12017-09-18 12:35:28 pm - 12017-09-18 12:36:29 pm - 12017-09-18 12:36:30 pm - 12017-09-18 12:51:32 pm - 12017-09-18 02:23:25 pm - 1\n2017-09-18 02:24:30 pm - 1
2017-09-18 02:24:37 pm - 1



Array
Array
Array
1
1
1
1
1
1
1
2017-09-18 02:41:41 pm - 1
2017-09-18 02:42:01 pm - 
2017-09-18 02:43:47 pm - 
2017-09-18 02:43:47 pm - 
2017-09-18 02:43:48 pm - 
2017-09-18 06:47:19 am
2017-09-18 02:47:44 pm{"status":true,"message":200}{"status":false,"message":200}{"status":true,"message":500}
2017-09-18 02:48:18 pm{"status":true,"message":200}{"status":false,"message":200}{"status":true,"message":500}
2017-09-18 02:48:18 pm{"status":true,"message":200}{"status":false,"message":200}{"status":true,"message":500}
2017-09-18 02:48:19 pm{"status":true,"message":200}{"status":false,"message":200}{"status":true,"message":500}
EMPTY2017-09-18 02:51:03 pm - 
EMPTY2017-09-18 02:51:18 pm - 
EMPTY2017-09-18 02:51:19 pm - 
EMPTY2017-09-18 02:51:20 pm - 
2017-09-18 03:04:50 pm - 1
2017-09-18 03:04:50 pm - 1
2017-09-18 03:04:52 pm - 1
2017-09-18 03:05:31 pm - 1
2017-09-18 03:05:32 pm - 1
2017-09-18 03:05:34 pm - 1
2017-09-18 07:15:39 am Inside
2017-09-18 07:15:39 am Inside
2017-09-18 07:15:40 am Inside
2017-09-18 07:16:23 am - 1
2017-09-18 07:16:23 am - 1
2017-09-18 07:16:24 am - 1
2017-09-18 07:16:55 am - +61481712864
2017-09-18 07:16:55 am - +61481712864
2017-09-18 07:16:56 am - +61481712864
2017-09-18 07:21:39 am - 
2017-09-18 07:21:39 am - 
2017-09-18 07:21:40 am - 
2017-09-18 07:29:05 am - \nformat: \ncontent: \nmetadata: Array\nmessage_id: 0a44bf5a-6ce6-4f1f-a42a-dace22b63898\nmessage_expiry_timestamp: \nscheduled: \ncallback_url: https://188e0839.ngrok.io/brian/callback.php\ndelivery_report: \ndestination_number: \nsource_number: +61481712864\nstatus: enroute\n
2017-09-18 07:29:05 am - \nformat: \ncontent: \nmetadata: Array\nmessage_id: 0a44bf5a-6ce6-4f1f-a42a-dace22b63898\nmessage_expiry_timestamp: \nscheduled: \ncallback_url: https://188e0839.ngrok.io/brian/callback.php\ndelivery_report: \ndestination_number: \nsource_number: +61481712864\nstatus: submitted\n
2017-09-18 07:29:06 am - \nformat: \ncontent: \nmetadata: Array\nmessage_id: 0a44bf5a-6ce6-4f1f-a42a-dace22b63898\nmessage_expiry_timestamp: \nscheduled: \ncallback_url: https://188e0839.ngrok.io/brian/callback.php\ndelivery_report: \ndestination_number: \nsource_number: +61481712864\nstatus: delivered\n
2017-09-18 07:29:50 am - \nformat: content: metadata: ArrayMessageID: message_id: a73ef4ba-de85-42b0-9697-f662fb5fbb8emessage_expiry_timestamp: scheduled: callback_url: https://188e0839.ngrok.io/brian/callback.phpdelivery_report: destination_number: source_number: +61481712864status: enroute
2017-09-18 07:29:50 am - \nformat: content: metadata: ArrayMessageID: message_id: a73ef4ba-de85-42b0-9697-f662fb5fbb8emessage_expiry_timestamp: scheduled: callback_url: https://188e0839.ngrok.io/brian/callback.phpdelivery_report: destination_number: source_number: +61481712864status: submitted
2017-09-18 07:29:53 am - \nformat: content: metadata: ArrayMessageID: message_id: a73ef4ba-de85-42b0-9697-f662fb5fbb8emessage_expiry_timestamp: scheduled: callback_url: https://188e0839.ngrok.io/brian/callback.phpdelivery_report: destination_number: source_number: +61481712864status: delivered
2017-09-18 07:30:54 am - \nformat: content: metadata: ArrayMessageID: 64message_id: 4fc2b130-dbb4-41c5-a9ad-db1c299a218fmessage_expiry_timestamp: scheduled: callback_url: https://188e0839.ngrok.io/brian/callback.phpdelivery_report: destination_number: source_number: +61481712864status: enroute
2017-09-18 07:30:54 am - \nformat: content: metadata: ArrayMessageID: 64message_id: 4fc2b130-dbb4-41c5-a9ad-db1c299a218fmessage_expiry_timestamp: scheduled: callback_url: https://188e0839.ngrok.io/brian/callback.phpdelivery_report: destination_number: source_number: +61481712864status: submitted
2017-09-18 07:30:56 am - \nformat: content: metadata: ArrayMessageID: 64message_id: 4fc2b130-dbb4-41c5-a9ad-db1c299a218fmessage_expiry_timestamp: scheduled: callback_url: https://188e0839.ngrok.io/brian/callback.phpdelivery_report: destination_number: source_number: +61481712864status: delivered
2017-09-18 03:34:55 pm - 1format: content: metadata: ArrayMessageID: 65message_id: d763c940-3ce6-4f67-920d-0da6c44a101bmessage_expiry_timestamp: scheduled: callback_url: https://188e0839.ngrok.io/brian/callback.phpdelivery_report: destination_number: source_number: +61481712864status: enroute
2017-09-18 03:34:56 pm - 1format: content: metadata: ArrayMessageID: 65message_id: d763c940-3ce6-4f67-920d-0da6c44a101bmessage_expiry_timestamp: scheduled: callback_url: https://188e0839.ngrok.io/brian/callback.phpdelivery_report: destination_number: source_number: +61481712864status: submitted
2017-09-18 03:34:57 pm - 1format: content: metadata: ArrayMessageID: 65message_id: d763c940-3ce6-4f67-920d-0da6c44a101bmessage_expiry_timestamp: scheduled: callback_url: https://188e0839.ngrok.io/brian/callback.phpdelivery_report: destination_number: source_number: +61481712864status: delivered
2017-09-18 03:38:22 pm - 1format: content: metadata: ArrayMessageID: 66message_id: 11048694-fd82-4a83-822b-02cb40032d5dmessage_expiry_timestamp: scheduled: callback_url: https://188e0839.ngrok.io/brian/callback.phpdelivery_report: destination_number: source_number: +61481712864status: enroute
2017-09-18 03:38:22 pm - 1format: content: metadata: ArrayMessageID: 66message_id: 11048694-fd82-4a83-822b-02cb40032d5dmessage_expiry_timestamp: scheduled: callback_url: https://188e0839.ngrok.io/brian/callback.phpdelivery_report: destination_number: source_number: +61481712864status: submitted
2017-09-18 03:38:24 pm - 1format: content: metadata: ArrayMessageID: 66message_id: 11048694-fd82-4a83-822b-02cb40032d5dmessage_expiry_timestamp: scheduled: callback_url: https://188e0839.ngrok.io/brian/callback.phpdelivery_report: destination_number: source_number: +61481712864status: delivered
2017-09-18 03:39:04 pm - 1format: content: metadata: ArrayMessageID: 67message_id: d8d7acc9-b821-4859-8604-1d158c760991message_expiry_timestamp: scheduled: callback_url: https://188e0839.ngrok.io/brian/callback.phpdelivery_report: destination_number: source_number: +61481712864status: enroute
2017-09-18 03:39:04 pm - 1format: content: metadata: ArrayMessageID: 67message_id: d8d7acc9-b821-4859-8604-1d158c760991message_expiry_timestamp: scheduled: callback_url: https://188e0839.ngrok.io/brian/callback.phpdelivery_report: destination_number: source_number: +61481712864status: submitted
2017-09-18 03:39:06 pm - 1format: content: metadata: ArrayMessageID: 67message_id: d8d7acc9-b821-4859-8604-1d158c760991message_expiry_timestamp: scheduled: callback_url: https://188e0839.ngrok.io/brian/callback.phpdelivery_report: destination_number: source_number: +61481712864status: delivered
2017-09-18 03:40:16 pm - 1format: content: metadata: ArrayMessageID: 68message_id: d9d87b94-0428-481d-80b1-a273d47140c9message_expiry_timestamp: scheduled: callback_url: https://188e0839.ngrok.io/brian/callback.phpdelivery_report: destination_number: source_number: +61481712864status: enroute
2017-09-18 03:40:17 pm - 1format: content: metadata: ArrayMessageID: 68message_id: d9d87b94-0428-481d-80b1-a273d47140c9message_expiry_timestamp: scheduled: callback_url: https://188e0839.ngrok.io/brian/callback.phpdelivery_report: destination_number: source_number: +61481712864status: submitted
2017-09-18 03:40:17 pm - 1format: content: metadata: ArrayMessageID: 68message_id: d9d87b94-0428-481d-80b1-a273d47140c9message_expiry_timestamp: scheduled: callback_url: https://188e0839.ngrok.io/brian/callback.phpdelivery_report: destination_number: source_number: +61481712864status: delivered
2017-09-18 03:42:49 pm - 1format: <br \/>content: <br \/>MessageID: 69<br \/>message_id: f51ba923-16e7-4a4e-9fec-35fb5daf5e63<br \/>message_expiry_timestamp: <br \/>scheduled: <br \/>callback_url: https://188e0839.ngrok.io/brian/callback.php<br \/>delivery_report: <br \/>destination_number: <br \/>source_number: +61481712864<br \/>status: enroute<br \/>
2017-09-18 03:42:49 pm - 1format: <br \/>content: <br \/>MessageID: 69<br \/>message_id: f51ba923-16e7-4a4e-9fec-35fb5daf5e63<br \/>message_expiry_timestamp: <br \/>scheduled: <br \/>callback_url: https://188e0839.ngrok.io/brian/callback.php<br \/>delivery_report: <br \/>destination_number: <br \/>source_number: +61481712864<br \/>status: submitted<br \/>
2017-09-18 03:42:50 pm - 1format: <br \/>content: <br \/>MessageID: 69<br \/>message_id: f51ba923-16e7-4a4e-9fec-35fb5daf5e63<br \/>message_expiry_timestamp: <br \/>scheduled: <br \/>callback_url: https://188e0839.ngrok.io/brian/callback.php<br \/>delivery_report: <br \/>destination_number: <br \/>source_number: +61481712864<br \/>status: delivered<br \/>
2017-09-18 03:43:31 pm - 1format: <br \/>content: <br \/>MessageID: 70<br \/>message_id: bc325c42-cf97-4888-8c92-0a97188c5c12<br \/>message_expiry_timestamp: <br \/>scheduled: <br \/>callback_url: https://188e0839.ngrok.io/brian/callback.php<br \/>delivery_report: <br \/>destination_number: <br \/>source_number: +61481712864<br \/>status: enroute<br \/>
2017-09-18 03:43:31 pm - 1format: <br \/>content: <br \/>MessageID: 70<br \/>message_id: bc325c42-cf97-4888-8c92-0a97188c5c12<br \/>message_expiry_timestamp: <br \/>scheduled: <br \/>callback_url: https://188e0839.ngrok.io/brian/callback.php<br \/>delivery_report: <br \/>destination_number: <br \/>source_number: +61481712864<br \/>status: submitted<br \/>
2017-09-18 03:43:32 pm - 1format: <br \/>content: <br \/>MessageID: 70<br \/>message_id: bc325c42-cf97-4888-8c92-0a97188c5c12<br \/>message_expiry_timestamp: <br \/>scheduled: <br \/>callback_url: https://188e0839.ngrok.io/brian/callback.php<br \/>delivery_report: <br \/>destination_number: <br \/>source_number: +61481712864<br \/>status: delivered<br \/>
2017-09-18 03:44:13 pm - 1<hr>format: <br \/>content: <br \/>MessageID: 71<br \/>message_id: 17f7b7ae-b67c-4256-98ac-6c301ce0a634<br \/>message_expiry_timestamp: <br \/>scheduled: <br \/>callback_url: https://188e0839.ngrok.io/brian/callback.php<br \/>delivery_report: <br \/>destination_number: <br \/>source_number: +61481712864<br \/>status: enroute<br \/>
2017-09-18 03:44:13 pm - 1<hr>format: <br \/>content: <br \/>MessageID: 71<br \/>message_id: 17f7b7ae-b67c-4256-98ac-6c301ce0a634<br \/>message_expiry_timestamp: <br \/>scheduled: <br \/>callback_url: https://188e0839.ngrok.io/brian/callback.php<br \/>delivery_report: <br \/>destination_number: <br \/>source_number: +61481712864<br \/>status: submitted<br \/>
2017-09-18 03:44:15 pm - 1<hr>format: <br \/>content: <br \/>MessageID: 71<br \/>message_id: 17f7b7ae-b67c-4256-98ac-6c301ce0a634<br \/>message_expiry_timestamp: <br \/>scheduled: <br \/>callback_url: https://188e0839.ngrok.io/brian/callback.php<br \/>delivery_report: <br \/>destination_number: <br \/>source_number: +61481712864<br \/>status: delivered<br \/>
2017-09-18 03:44:56 pm - 1<hr>format: <br>content: <br \/>MessageID: 72<br \/>message_id: ea1159e1-9b07-4fd2-a39f-f9a542162c9a<br \/>message_expiry_timestamp: <br \/>scheduled: <br \/>callback_url: https://188e0839.ngrok.io/brian/callback.php<br \/>delivery_report: <br \/>destination_number: <br \/>source_number: +61481712864<br \/>status: enroute<br \/>
2017-09-18 03:44:57 pm - 1<hr>format: <br>content: <br \/>MessageID: 72<br \/>message_id: ea1159e1-9b07-4fd2-a39f-f9a542162c9a<br \/>message_expiry_timestamp: <br \/>scheduled: <br \/>callback_url: https://188e0839.ngrok.io/brian/callback.php<br \/>delivery_report: <br \/>destination_number: <br \/>source_number: +61481712864<br \/>status: submitted<br \/>
2017-09-18 03:44:58 pm - 1<hr>format: <br>content: <br \/>MessageID: 72<br \/>message_id: ea1159e1-9b07-4fd2-a39f-f9a542162c9a<br \/>message_expiry_timestamp: <br \/>scheduled: <br \/>callback_url: https://188e0839.ngrok.io/brian/callback.php<br \/>delivery_report: <br \/>destination_number: <br \/>source_number: +61481712864<br \/>status: delivered<br \/>
2017-09-18 03:58:59 pm - 1format: content: MessageID: 74message_id: af390b92-1fdc-42d4-bbc6-771dd0375f48message_expiry_timestamp: scheduled: callback_url: https://188e0839.ngrok.io/brian/callback.phpdelivery_report: destination_number: source_number: +61481712864status: enroute
2017-09-18 03:58:59 pm - 1format: content: MessageID: 74message_id: af390b92-1fdc-42d4-bbc6-771dd0375f48message_expiry_timestamp: scheduled: callback_url: https://188e0839.ngrok.io/brian/callback.phpdelivery_report: destination_number: source_number: +61481712864status: submitted
2017-09-18 03:58:59 pm - 1format: content: MessageID: 75message_id: 61371120-5362-4b81-9dcb-0366612a2fffmessage_expiry_timestamp: scheduled: callback_url: https://188e0839.ngrok.io/brian/callback.phpdelivery_report: destination_number: source_number: +61481712864status: enroute
2017-09-18 03:58:59 pm - 1format: content: MessageID: 75message_id: 61371120-5362-4b81-9dcb-0366612a2fffmessage_expiry_timestamp: scheduled: callback_url: https://188e0839.ngrok.io/brian/callback.phpdelivery_report: destination_number: source_number: +61481712864status: submitted
2017-09-18 03:59:01 pm - 1format: content: MessageID: 74message_id: af390b92-1fdc-42d4-bbc6-771dd0375f48message_expiry_timestamp: scheduled: callback_url: https://188e0839.ngrok.io/brian/callback.phpdelivery_report: destination_number: source_number: +61481712864status: delivered
2017-09-18 03:59:02 pm - 1format: content: MessageID: 75message_id: 61371120-5362-4b81-9dcb-0366612a2fffmessage_expiry_timestamp: scheduled: callback_url: https://188e0839.ngrok.io/brian/callback.phpdelivery_report: destination_number: source_number: +61481712864status: delivered
